Unity Editor version:    2021.3.16f1 (4016570cf34f)
Branch:                  2021.3/evg/staging/82bb020e-b03b1330/draft-0
Build type:              Release
Batch mode:              YES
macOS version:           Version 13.2.1 (Build 22D68)
Darwin version:          22.3.0
Architecture:            arm64
Running under Rosetta:   NO
Available memory:        16384 MB
Using pre-set license
Pro License: YES

COMMAND LINE ARGUMENTS:
/Applications/Unity/Hub/Editor/2021.3.16f1/Unity.app/Contents/MacOS/Unity
-adb2
-batchMode
-noUpm
-name
AssetImportWorker0
-projectPath
/Users/khizrshah/Documents/Unity Projects/Create With Code/Prototype 1
-logFile
Logs/AssetImportWorker0.log
-srvPort
56841
Successfully changed project path to: /Users/khizrshah/Documents/Unity Projects/Create With Code/Prototype 1
/Users/khizrshah/Documents/Unity Projects/Create With Code/Prototype 1
[UnityMemory] Configuration Parameters - Can be set up in boot.config
    "memorysetup-bucket-allocator-granularity=16"
    "memorysetup-bucket-allocator-bucket-count=8"
    "memorysetup-bucket-allocator-block-size=33554432"
    "memorysetup-bucket-allocator-block-count=8"
    "memorysetup-main-allocator-block-size=16777216"
    "memorysetup-thread-allocator-block-size=16777216"
    "memorysetup-gfx-main-allocator-block-size=16777216"
    "memorysetup-gfx-thread-allocator-block-size=16777216"
    "memorysetup-cache-allocator-block-size=4194304"
    "memorysetup-typetree-allocator-block-size=2097152"
    "memorysetup-profiler-bucket-allocator-granularity=16"
    "memorysetup-profiler-bucket-allocator-bucket-count=8"
    "memorysetup-profiler-bucket-allocator-block-size=33554432"
    "memorysetup-profiler-bucket-allocator-block-count=8"
    "memorysetup-profiler-allocator-block-size=16777216"
    "memorysetup-profiler-editor-allocator-block-size=1048576"
    "memorysetup-temp-allocator-size-main=16777216"
    "memorysetup-job-temp-allocator-block-size=2097152"
    "memorysetup-job-temp-allocator-block-size-background=1048576"
    "memorysetup-job-temp-allocator-reduction-small-platforms=262144"
    "memorysetup-temp-allocator-size-background-worker=32768"
    "memorysetup-temp-allocator-size-job-worker=262144"
    "memorysetup-temp-allocator-size-preload-manager=33554432"
    "memorysetup-temp-allocator-size-nav-mesh-worker=65536"
    "memorysetup-temp-allocator-size-audio-worker=65536"
    "memorysetup-temp-allocator-size-cloud-worker=32768"
    "memorysetup-temp-allocator-size-gi-baking-worker=262144"
    "memorysetup-temp-allocator-size-gfx=262144"
Player connection [8683159872] Host "[IP] 172.22.80.241 [Port] 0 [Flags] 2 [Guid] 3736411443 [EditorId] 3736411443 [Version] 1048832 [Id] OSXEditor(0,8e-9b-5-31-dd-5c.pool.unideb.hu) [Debug] 1 [PackageName] OSXEditor [ProjectName] Editor" joined multi-casting on [225.0.0.222:54997]...

Player connection [8683159872] Host "[IP] 172.22.80.241 [Port] 0 [Flags] 2 [Guid] 3736411443 [EditorId] 3736411443 [Version] 1048832 [Id] OSXEditor(0,8e-9b-5-31-dd-5c.pool.unideb.hu) [Debug] 1 [PackageName] OSXEditor [ProjectName] Editor" joined alternative multi-casting on [225.0.0.222:34997]...

Refreshing native plugins compatible for Editor in 114.87 ms, found 2 plugins.
Preloading 0 native plugins for Editor in 0.00 ms.
Initialize engine version: 2021.3.16f1 (4016570cf34f)
[Subsystems] Discovering subsystems at path /Applications/Unity/Hub/Editor/2021.3.16f1/Unity.app/Contents/Resources/UnitySubsystems
[Subsystems] Discovering subsystems at path /Users/khizrshah/Documents/Unity Projects/Create With Code/Prototype 1/Assets
GfxDevice: creating device client; threaded=0; jobified=0
 preferred device: Apple M2 (high power)
Metal devices available: 1
0: Apple M2 (high power)
Using device Apple M2 (high power)
Initializing Metal device caps: Apple M2
Initialize mono
Mono path[0] = '/Applications/Unity/Hub/Editor/2021.3.16f1/Unity.app/Contents/Managed'
Mono path[1] = '/Applications/Unity/Hub/Editor/2021.3.16f1/Unity.app/Contents/MonoBleedingEdge/lib/mono/unityjit-macos'
Mono config path = '/Applications/Unity/Hub/Editor/2021.3.16f1/Unity.app/Contents/MonoBleedingEdge/etc'
Using monoOptions --debugger-agent=transport=dt_socket,embedding=1,server=y,suspend=n,address=127.0.0.1:56992
Begin MonoManager ReloadAssembly
Registering precompiled unity dll's ...
Register platform support module: /Applications/Unity/Hub/Editor/2021.3.16f1/Unity.app/Contents/PlaybackEngines/MacStandaloneSupport/UnityEditor.OSXStandalone.Extensions.dll
Register platform support module: /Applications/Unity/Hub/Editor/2021.3.16f1/PlaybackEngines/AndroidPlayer/UnityEditor.Android.Extensions.dll
Registered in 0.000974 seconds.
Native extension for Android target not found
Native extension for OSXStandalone target not found
Refreshing native plugins compatible for Editor in 122.49 ms, found 2 plugins.
Preloading 0 native plugins for Editor in 0.00 ms.
Mono: successfully reloaded assembly
- Completed reload, in  0.580 seconds
Domain Reload Profiling:
	ReloadAssembly (581ms)
		BeginReloadAssembly (44ms)
			ExecutionOrderSort (0ms)
			DisableScriptedObjects (0ms)
			BackupInstance (0ms)
			ReleaseScriptingObjects (0ms)
			CreateAndSetChildDomain (1ms)
		EndReloadAssembly (441ms)
			LoadAssemblies (43ms)
			RebuildTransferFunctionScriptingTraits (0ms)
			SetupTypeCache (101ms)
			ReleaseScriptCaches (0ms)
			RebuildScriptCaches (29ms)
			SetupLoadedEditorAssemblies (273ms)
				LogAssemblyErrors (0ms)
				InitializePlatformSupportModulesInManaged (41ms)
				SetLoadedEditorAssemblies (1ms)
				RefreshPlugins (123ms)
				BeforeProcessingInitializeOnLoad (1ms)
				ProcessInitializeOnLoadAttributes (74ms)
				ProcessInitializeOnLoadMethodAttributes (35ms)
				AfterProcessingInitializeOnLoad (0ms)
				EditorAssembliesLoaded (0ms)
			ExecutionOrderSort2 (0ms)
			AwakeInstancesAfterBackupRestoration (0ms)
Platform modules already initialized, skipping
Registering precompiled user dll's ...
Registered in 0.003678 seconds.
Begin MonoManager ReloadAssembly
Symbol file LoadedFromMemory doesn't match image /Users/khizrshah/Documents/Unity Projects/Create With Code/Prototype 1/Library/PackageCache/com.unity.visualscripting@1.7.8/Editor/VisualScripting.Core/Dependencies/YamlDotNet/Unity.VisualScripting.YamlDotNet.dll
Symbol file LoadedFromMemory doesn't match image /Users/khizrshah/Documents/Unity Projects/Create With Code/Prototype 1/Library/PackageCache/com.unity.visualscripting@1.7.8/Editor/VisualScripting.Core/Dependencies/DotNetZip/Unity.VisualScripting.IonicZip.dll
Native extension for Android target not found
Native extension for OSXStandalone target not found
Refreshing native plugins compatible for Editor in 122.00 ms, found 2 plugins.
Preloading 0 native plugins for Editor in 0.00 ms.
Mono: successfully reloaded assembly
- Completed reload, in  1.274 seconds
Domain Reload Profiling:
	ReloadAssembly (1275ms)
		BeginReloadAssembly (188ms)
			ExecutionOrderSort (0ms)
			DisableScriptedObjects (5ms)
			BackupInstance (0ms)
			ReleaseScriptingObjects (0ms)
			CreateAndSetChildDomain (127ms)
		EndReloadAssembly (1000ms)
			LoadAssemblies (53ms)
			RebuildTransferFunctionScriptingTraits (0ms)
			SetupTypeCache (302ms)
			ReleaseScriptCaches (3ms)
			RebuildScriptCaches (61ms)
			SetupLoadedEditorAssemblies (537ms)
				LogAssemblyErrors (0ms)
				InitializePlatformSupportModulesInManaged (12ms)
				SetLoadedEditorAssemblies (0ms)
				RefreshPlugins (122ms)
				BeforeProcessingInitializeOnLoad (107ms)
				ProcessInitializeOnLoadAttributes (226ms)
				ProcessInitializeOnLoadMethodAttributes (68ms)
				AfterProcessingInitializeOnLoad (1ms)
				EditorAssembliesLoaded (0ms)
			ExecutionOrderSort2 (0ms)
			AwakeInstancesAfterBackupRestoration (3ms)
Platform modules already initialized, skipping
========================================================================
Worker process is ready to serve import requests
Launching external process: /Applications/Unity/Hub/Editor/2021.3.16f1/Unity.app/Contents/Tools/UnityShaderCompiler
Launched and connected shader compiler UnityShaderCompiler after 0.07 seconds
Refreshing native plugins compatible for Editor in 0.61 ms, found 2 plugins.
Preloading 0 native plugins for Editor in 0.00 ms.
Unloading 5252 Unused Serialized files (Serialized files now loaded: 0)
Unloading 82 unused Assets / (3.2 MB). Loaded Objects now: 5663.
Memory consumption went from 197.1 MB to 193.9 MB.
Total: 5.505250 ms (FindLiveObjects: 0.220083 ms CreateObjectMapping: 0.104709 ms MarkObjects: 3.742541 ms  DeleteObjects: 1.437250 ms)

AssetImportParameters requested are different than current active one (requested -> active):
  custom:video-decoder-ogg-theora: a1e56fd34408186e4bbccfd4996cb3dc -> 
  custom:container-muxer-webm: aa71ff27fc2769a1b78a27578f13a17b -> 
  custom:container-demuxer-webm: 4f35f7cbe854078d1ac9338744f61a02 -> 
  custom:video-encoder-webm-vp8: eb34c28f22e8b96e1ab97ce403110664 -> 
  custom:framework-osx-AVFoundation: e770b220cccbd017edd2c1fefb359320 -> 
  custom:audio-encoder-webm-vorbis: bf7c407c2cedff20999df2af8eb42d56 -> 
  custom:container-demuxer-ogg: 62fdf1f143b41e24485cea50d1cbac27 -> 
  custom:video-decoder-webm-vp8: 9c59270c3fd7afecdb556c50c9e8de78 -> 
  custom:audio-decoder-ogg-vorbis: bf7c407c2cedff20999df2af8eb42d56 -> 
========================================================================
Received Import Request.
  Time since last request: 31006.446544 seconds.
  path: Assets/UniversalRenderPipelineGlobalSettings.asset
  artifactKey: Guid(38b35347542e5af4c9b140950c5b18db) Importer(815301076,1909f56bfc062723c751e8b465ee728b)
Start importing Assets/UniversalRenderPipelineGlobalSettings.asset using Guid(38b35347542e5af4c9b140950c5b18db) Importer(815301076,1909f56bfc062723c751e8b465ee728b)  -> (artifact id: 'b14d8248548f96f452dc17bafb24a4a2') in 0.507422 seconds 
========================================================================
Received Import Request.
  Time since last request: 23.560577 seconds.
  path: Assets/Presets
  artifactKey: Guid(558255460b74ec04fa70b5570e9327bd) Importer(815301076,1909f56bfc062723c751e8b465ee728b)
Start importing Assets/Presets using Guid(558255460b74ec04fa70b5570e9327bd) Importer(815301076,1909f56bfc062723c751e8b465ee728b)  -> (artifact id: '04664deac066fff94e45167d9f36cefc') in 0.001231 seconds 
========================================================================
Received Import Request.
  Time since last request: 0.050552 seconds.
  path: Assets/Presets/AudioCompressedInMemory.preset
  artifactKey: Guid(2dd802e4d37c65149922028d3e973832) Importer(815301076,1909f56bfc062723c751e8b465ee728b)
Start importing Assets/Presets/AudioCompressedInMemory.preset using Guid(2dd802e4d37c65149922028d3e973832) Importer(815301076,1909f56bfc062723c751e8b465ee728b)  -> (artifact id: '11aa55593b29254b933979ccaab9d090') in 0.031081 seconds 
========================================================================
Received Import Request.
  Time since last request: 0.000045 seconds.
  path: Assets/Presets/NormalTexture.preset
  artifactKey: Guid(14a57cf3b9fa1c74b884aa7e0dcf1faa) Importer(815301076,1909f56bfc062723c751e8b465ee728b)
Start importing Assets/Presets/NormalTexture.preset using Guid(14a57cf3b9fa1c74b884aa7e0dcf1faa) Importer(815301076,1909f56bfc062723c751e8b465ee728b)  -> (artifact id: '97df00ec59eae2c3a8dea5fd0d8197f0') in 0.003170 seconds 
========================================================================
Received Import Request.
  Time since last request: 2.888847 seconds.
  path: Assets/ExampleAssets
  artifactKey: Guid(990f5c2df70993f4987a388ca178996a) Importer(815301076,1909f56bfc062723c751e8b465ee728b)
Start importing Assets/ExampleAssets using Guid(990f5c2df70993f4987a388ca178996a) Importer(815301076,1909f56bfc062723c751e8b465ee728b)  -> (artifact id: '6dcb487e8f74648dec2b9688c1037dc1') in 0.001190 seconds 
========================================================================
Received Import Request.
  Time since last request: 1.554739 seconds.
  path: Assets/ExampleAssets/Prefabs
  artifactKey: Guid(5e04804d4b233d04d92ef41852c3f676) Importer(815301076,1909f56bfc062723c751e8b465ee728b)
Start importing Assets/ExampleAssets/Prefabs using Guid(5e04804d4b233d04d92ef41852c3f676) Importer(815301076,1909f56bfc062723c751e8b465ee728b)  -> (artifact id: 'd81732ebdb7847d6385e140606ccc65a') in 0.001104 seconds 
========================================================================
Received Import Request.
  Time since last request: 0.052796 seconds.
  path: Assets/ExampleAssets/Prefabs/ConstructionLightLow.prefab
  artifactKey: Guid(bf0a225a9ff184f2789f3036faaa9150) Importer(815301076,1909f56bfc062723c751e8b465ee728b)
Start importing Assets/ExampleAssets/Prefabs/ConstructionLightLow.prefab using Guid(bf0a225a9ff184f2789f3036faaa9150) Importer(815301076,1909f56bfc062723c751e8b465ee728b)  -> (artifact id: '84b5526ae0c6c78a1596b20f401ade81') in 2.029744 seconds 
========================================================================
Received Import Request.
  Time since last request: 0.000057 seconds.
  path: Assets/ExampleAssets/Prefabs/WorkshopSet.prefab
  artifactKey: Guid(a87f0180d46fd334b9025d0314a0dc70) Importer(815301076,1909f56bfc062723c751e8b465ee728b)
Start importing Assets/ExampleAssets/Prefabs/WorkshopSet.prefab using Guid(a87f0180d46fd334b9025d0314a0dc70) Importer(815301076,1909f56bfc062723c751e8b465ee728b)  -> (artifact id: 'f5954f0f2c8f6057985a6859c75678ee') in 2.871871 seconds 
========================================================================
Received Import Request.
  Time since last request: 0.000038 seconds.
  path: Assets/ExampleAssets/Prefabs/Workbench_LOD0.prefab
  artifactKey: Guid(c0adcaeba3022437293536832628fdf8) Importer(815301076,1909f56bfc062723c751e8b465ee728b)
Start importing Assets/ExampleAssets/Prefabs/Workbench_LOD0.prefab using Guid(c0adcaeba3022437293536832628fdf8) Importer(815301076,1909f56bfc062723c751e8b465ee728b)  -> (artifact id: '14569b787de228a386e35cf12464f31f') in 0.015620 seconds 
========================================================================
Received Import Request.
  Time since last request: 0.000054 seconds.
  path: Assets/ExampleAssets/Prefabs/Workbench.prefab
  artifactKey: Guid(8850d132797ff49298ba781e8e1c9bfe) Importer(815301076,1909f56bfc062723c751e8b465ee728b)
Start importing Assets/ExampleAssets/Prefabs/Workbench.prefab using Guid(8850d132797ff49298ba781e8e1c9bfe) Importer(815301076,1909f56bfc062723c751e8b465ee728b)  -> (artifact id: '00c02183c3e5a418305b7e3e4195bcf5') in 0.911754 seconds 
========================================================================
Received Import Request.
  Time since last request: 0.000057 seconds.
  path: Assets/ExampleAssets/Prefabs/Workbench_LOD1.prefab
  artifactKey: Guid(38d5ecfa2b93c4095b4cc5d4a590e676) Importer(815301076,1909f56bfc062723c751e8b465ee728b)
Start importing Assets/ExampleAssets/Prefabs/Workbench_LOD1.prefab using Guid(38d5ecfa2b93c4095b4cc5d4a590e676) Importer(815301076,1909f56bfc062723c751e8b465ee728b)  -> (artifact id: 'be95af775fc43a66c20b5e206b0a6c8b') in 0.011206 seconds 
========================================================================
Received Import Request.
  Time since last request: 178.455560 seconds.
  path: Assets/Scenes
  artifactKey: Guid(04a5c7127a2bc4170a37d3a5d551b526) Importer(815301076,1909f56bfc062723c751e8b465ee728b)
Start importing Assets/Scenes using Guid(04a5c7127a2bc4170a37d3a5d551b526) Importer(815301076,1909f56bfc062723c751e8b465ee728b)  -> (artifact id: '317fdbd28cc4d21c71284b3578d24bae') in 0.000846 seconds 
========================================================================
Received Import Request.
  Time since last request: 1.983364 seconds.
  path: Assets/Scenes/SampleSceneLightingSettings.lighting
  artifactKey: Guid(477cc4148fad3449482a3bc3178594e2) Importer(815301076,1909f56bfc062723c751e8b465ee728b)
Start importing Assets/Scenes/SampleSceneLightingSettings.lighting using Guid(477cc4148fad3449482a3bc3178594e2) Importer(815301076,1909f56bfc062723c751e8b465ee728b) The Progressive CPU lightmapper is not supported on Apple silicon, switching to the Progressive GPU lightmapper.
LightingSettings: switching bake backend from 2 to 1.
 -> (artifact id: '64d200abe9f22eade6b1cc530586bab1') in 0.032663 seconds 
========================================================================
Received Import Request.
  Time since last request: 1.556057 seconds.
  path: Assets/Scenes/Prototype 1.unity
  artifactKey: Guid(84729eeda748340d0955715b6a50b370) Importer(815301076,1909f56bfc062723c751e8b465ee728b)
Start importing Assets/Scenes/Prototype 1.unity using Guid(84729eeda748340d0955715b6a50b370) Importer(815301076,1909f56bfc062723c751e8b465ee728b)  -> (artifact id: '263b4466357a4eb1bad5ed41acb7fd93') in 0.001125 seconds 
========================================================================
Received Import Request.
  Time since last request: 68.978772 seconds.
  path: Assets/Materials
  artifactKey: Guid(d0234ba368eeec9418390da711bfdad0) Importer(815301076,1909f56bfc062723c751e8b465ee728b)
Start importing Assets/Materials using Guid(d0234ba368eeec9418390da711bfdad0) Importer(815301076,1909f56bfc062723c751e8b465ee728b)  -> (artifact id: '22697197e1b26f0cedd0ba13d55cf5e3') in 0.000956 seconds 
========================================================================
Received Import Request.
  Time since last request: 0.035880 seconds.
  path: Assets/Materials/Skybox_Mat.mat
  artifactKey: Guid(0ffaa0b7117ba8c47a9d05ae701d4b4d) Importer(815301076,1909f56bfc062723c751e8b465ee728b)
Start importing Assets/Materials/Skybox_Mat.mat using Guid(0ffaa0b7117ba8c47a9d05ae701d4b4d) Importer(815301076,1909f56bfc062723c751e8b465ee728b)  -> (artifact id: '969c75d4bc6b126506025f4120b7b355') in 0.199078 seconds 
========================================================================
Received Import Request.
  Time since last request: 6.285503 seconds.
  path: Assets/ExampleAssets/Materials
  artifactKey: Guid(ffd318dbb37362c4f8d87863d082b2fd) Importer(815301076,1909f56bfc062723c751e8b465ee728b)
Start importing Assets/ExampleAssets/Materials using Guid(ffd318dbb37362c4f8d87863d082b2fd) Importer(815301076,1909f56bfc062723c751e8b465ee728b)  -> (artifact id: 'ad6f3d41a292f5b9e20211fd84e2d605') in 0.001016 seconds 
========================================================================
Received Import Request.
  Time since last request: 0.046163 seconds.
  path: Assets/ExampleAssets/Materials/ConstructionLight_Mat.mat
  artifactKey: Guid(49076442eeb7e054b8e8869f8b40656d) Importer(815301076,1909f56bfc062723c751e8b465ee728b)
Start importing Assets/ExampleAssets/Materials/ConstructionLight_Mat.mat using Guid(49076442eeb7e054b8e8869f8b40656d) Importer(815301076,1909f56bfc062723c751e8b465ee728b)  -> (artifact id: '832af68a0c56e4a51242b73de4d00b23') in 0.012350 seconds 
========================================================================
Received Import Request.
  Time since last request: 0.000044 seconds.
  path: Assets/ExampleAssets/Materials/Strap_Mat.mat
  artifactKey: Guid(81c1860e7800e5340bf8a54c565ba9ea) Importer(815301076,1909f56bfc062723c751e8b465ee728b)
Start importing Assets/ExampleAssets/Materials/Strap_Mat.mat using Guid(81c1860e7800e5340bf8a54c565ba9ea) Importer(815301076,1909f56bfc062723c751e8b465ee728b)  -> (artifact id: '2df4c4854598701ca2d1d9342b100448') in 0.009377 seconds 
========================================================================
Received Import Request.
  Time since last request: 0.000048 seconds.
  path: Assets/ExampleAssets/Materials/Plastic_Rough_Mat.mat
  artifactKey: Guid(a5aaee4111611af43b5abbff184fe5fa) Importer(815301076,1909f56bfc062723c751e8b465ee728b)
Start importing Assets/ExampleAssets/Materials/Plastic_Rough_Mat.mat using Guid(a5aaee4111611af43b5abbff184fe5fa) Importer(815301076,1909f56bfc062723c751e8b465ee728b)  -> (artifact id: 'f0a5c78b6f75bd56dada1bb55869fc11') in 0.008577 seconds 
========================================================================
Received Import Request.
  Time since last request: 0.000052 seconds.
  path: Assets/ExampleAssets/Materials/Ground_Mat.mat
  artifactKey: Guid(d92ef32394b5f474385d74b565a7bdd7) Importer(815301076,1909f56bfc062723c751e8b465ee728b)
Start importing Assets/ExampleAssets/Materials/Ground_Mat.mat using Guid(d92ef32394b5f474385d74b565a7bdd7) Importer(815301076,1909f56bfc062723c751e8b465ee728b)  -> (artifact id: 'c2a8d930fa6f7470a0817772a41e6079') in 0.011196 seconds 
========================================================================
Received Import Request.
  Time since last request: 0.000045 seconds.
  path: Assets/ExampleAssets/Materials/Metal_Simple_Mat.mat
  artifactKey: Guid(a0427cf339e5891468d5f2b433b2d44a) Importer(815301076,1909f56bfc062723c751e8b465ee728b)
Start importing Assets/ExampleAssets/Materials/Metal_Simple_Mat.mat using Guid(a0427cf339e5891468d5f2b433b2d44a) Importer(815301076,1909f56bfc062723c751e8b465ee728b)  -> (artifact id: '64e076e6af8b8604c375318df8fb99e6') in 0.009269 seconds 
========================================================================
Received Import Request.
  Time since last request: 0.000128 seconds.
  path: Assets/ExampleAssets/Materials/Jigsaw_Mat.mat
  artifactKey: Guid(801db2d997a562b4ea333aa4593ce0f0) Importer(815301076,1909f56bfc062723c751e8b465ee728b)
Start importing Assets/ExampleAssets/Materials/Jigsaw_Mat.mat using Guid(801db2d997a562b4ea333aa4593ce0f0) Importer(815301076,1909f56bfc062723c751e8b465ee728b)  -> (artifact id: 'c2a022a173d5857e907e675ae3bbb1fe') in 0.010356 seconds 
========================================================================
Received Import Request.
  Time since last request: 0.000062 seconds.
  path: Assets/ExampleAssets/Materials/Plastic_Yellow_Mat.mat
  artifactKey: Guid(bd2d742ee2ce7a740ae0cf992a38be74) Importer(815301076,1909f56bfc062723c751e8b465ee728b)
Start importing Assets/ExampleAssets/Materials/Plastic_Yellow_Mat.mat using Guid(bd2d742ee2ce7a740ae0cf992a38be74) Importer(815301076,1909f56bfc062723c751e8b465ee728b)  -> (artifact id: '9a570e80fa791040a495674c9f4affdc') in 0.009074 seconds 
========================================================================
Received Import Request.
  Time since last request: 0.000069 seconds.
  path: Assets/ExampleAssets/Materials/PaintLabel_Mat.mat
  artifactKey: Guid(3da4aad06945bbf4baf801c2aacbc01e) Importer(815301076,1909f56bfc062723c751e8b465ee728b)
Start importing Assets/ExampleAssets/Materials/PaintLabel_Mat.mat using Guid(3da4aad06945bbf4baf801c2aacbc01e) Importer(815301076,1909f56bfc062723c751e8b465ee728b)  -> (artifact id: '9767e034b1766f8e25fa091333e694f4') in 0.894624 seconds 
========================================================================
Received Import Request.
  Time since last request: 3.066450 seconds.
  path: Assets/ExampleAssets/Shaders
  artifactKey: Guid(eb6819cbd279a3941a65f1689b2f621e) Importer(815301076,1909f56bfc062723c751e8b465ee728b)
Start importing Assets/ExampleAssets/Shaders using Guid(eb6819cbd279a3941a65f1689b2f621e) Importer(815301076,1909f56bfc062723c751e8b465ee728b)  -> (artifact id: 'c96c4781c112a16335d258ae38e13c74') in 0.001064 seconds 
========================================================================
Received Import Request.
  Time since last request: 3.355040 seconds.
  path: Assets/Course Library
  artifactKey: Guid(2b8dcb33ac42f44ae9fb6f5c8514007f) Importer(815301076,1909f56bfc062723c751e8b465ee728b)
Start importing Assets/Course Library using Guid(2b8dcb33ac42f44ae9fb6f5c8514007f) Importer(815301076,1909f56bfc062723c751e8b465ee728b)  -> (artifact id: 'fe0364bbbc76e9c0fedd842d68a60c66') in 0.001029 seconds 
========================================================================
Received Import Request.
  Time since last request: 2.740962 seconds.
  path: Assets/Course Library/Ground
  artifactKey: Guid(343e5d6e38531486a9fc755e39b8ff7e) Importer(815301076,1909f56bfc062723c751e8b465ee728b)
Start importing Assets/Course Library/Ground using Guid(343e5d6e38531486a9fc755e39b8ff7e) Importer(815301076,1909f56bfc062723c751e8b465ee728b)  -> (artifact id: 'c193bccd7a6102c79118403afbdb6432') in 0.001249 seconds 
========================================================================
Received Import Request.
  Time since last request: 0.049075 seconds.
  path: Assets/Course Library/Ground/Ground_Road.prefab
  artifactKey: Guid(e7db4011ca7f11c408c1ad18b34ed04d) Importer(815301076,1909f56bfc062723c751e8b465ee728b)
Start importing Assets/Course Library/Ground/Ground_Road.prefab using Guid(e7db4011ca7f11c408c1ad18b34ed04d) Importer(815301076,1909f56bfc062723c751e8b465ee728b)  -> (artifact id: '1267c4420adb8a64649033090bab69d8') in 0.050613 seconds 
========================================================================
Received Import Request.
  Time since last request: 25.187254 seconds.
  path: Assets/Course Library/_Source_Files
  artifactKey: Guid(72f1805f9e4054127a65d3cab3ea01c4) Importer(815301076,1909f56bfc062723c751e8b465ee728b)
Start importing Assets/Course Library/_Source_Files using Guid(72f1805f9e4054127a65d3cab3ea01c4) Importer(815301076,1909f56bfc062723c751e8b465ee728b)  -> (artifact id: '85771aeb71151be91a38e74a6fe425e6') in 0.000624 seconds 
========================================================================
Received Import Request.
  Time since last request: 1.417313 seconds.
  path: Assets/Course Library/_Source_Files/Materials
  artifactKey: Guid(cae1eba99baa74f6798681ead2575395) Importer(815301076,1909f56bfc062723c751e8b465ee728b)
Start importing Assets/Course Library/_Source_Files/Materials using Guid(cae1eba99baa74f6798681ead2575395) Importer(815301076,1909f56bfc062723c751e8b465ee728b)  -> (artifact id: 'fa191f8db2ce5dfad02cc3471c6acc2c') in 0.001293 seconds 
========================================================================
Received Import Request.
  Time since last request: 0.062890 seconds.
  path: Assets/Course Library/_Source_Files/Materials/Military_Green.mat
  artifactKey: Guid(7bc72f97a09670a4f9b072e70f88f4cd) Importer(815301076,1909f56bfc062723c751e8b465ee728b)
Start importing Assets/Course Library/_Source_Files/Materials/Military_Green.mat using Guid(7bc72f97a09670a4f9b072e70f88f4cd) Importer(815301076,1909f56bfc062723c751e8b465ee728b)  -> (artifact id: '6ee59f4858461548c5c874f846860a1a') in 0.010977 seconds 
========================================================================
Received Import Request.
  Time since last request: 0.000048 seconds.
  path: Assets/Course Library/_Source_Files/Materials/SimpleSky.mat
  artifactKey: Guid(e68f77e240a7f8643b5cc4253dc37516) Importer(815301076,1909f56bfc062723c751e8b465ee728b)
Start importing Assets/Course Library/_Source_Files/Materials/SimpleSky.mat using Guid(e68f77e240a7f8643b5cc4253dc37516) Importer(815301076,1909f56bfc062723c751e8b465ee728b)  -> (artifact id: '82ace650eb0b0fdc0c7e42e860b9e7ee') in 0.031226 seconds 
========================================================================
Received Import Request.
  Time since last request: 0.000076 seconds.
  path: Assets/Course Library/_Source_Files/Materials/PolygonNature_01.mat
  artifactKey: Guid(b72e16591230315448c77c827b522ae1) Importer(815301076,1909f56bfc062723c751e8b465ee728b)
Start importing Assets/Course Library/_Source_Files/Materials/PolygonNature_01.mat using Guid(b72e16591230315448c77c827b522ae1) Importer(815301076,1909f56bfc062723c751e8b465ee728b)  -> (artifact id: '66e7b37495587285770b6f8c44ff9f99') in 0.006289 seconds 
========================================================================
Received Import Request.
  Time since last request: 0.000046 seconds.
  path: Assets/Course Library/_Source_Files/Materials/Road.mat
  artifactKey: Guid(aaee9edfd91ad584982e7126ed73c97d) Importer(815301076,1909f56bfc062723c751e8b465ee728b)
Start importing Assets/Course Library/_Source_Files/Materials/Road.mat using Guid(aaee9edfd91ad584982e7126ed73c97d) Importer(815301076,1909f56bfc062723c751e8b465ee728b)  -> (artifact id: '4454180697874f2f5c4f8b951d36a68f') in 0.005478 seconds 
========================================================================
Received Import Request.
  Time since last request: 0.000046 seconds.
  path: Assets/Course Library/_Source_Files/Materials/SimpleTown.mat
  artifactKey: Guid(7cce38ba40b7d05439de10ddde5afaf6) Importer(815301076,1909f56bfc062723c751e8b465ee728b)
Start importing Assets/Course Library/_Source_Files/Materials/SimpleTown.mat using Guid(7cce38ba40b7d05439de10ddde5afaf6) Importer(815301076,1909f56bfc062723c751e8b465ee728b)  -> (artifact id: '6635adcde7b91b03eb109b7697381045') in 0.006288 seconds 
========================================================================
Received Import Request.
  Time since last request: 38.415217 seconds.
  path: Assets/Scenes/SampleScene.unity
  artifactKey: Guid(d1c3109bdb54ad54c8a2b2838528e640) Importer(815301076,1909f56bfc062723c751e8b465ee728b)
Start importing Assets/Scenes/SampleScene.unity using Guid(d1c3109bdb54ad54c8a2b2838528e640) Importer(815301076,1909f56bfc062723c751e8b465ee728b)  -> (artifact id: '5bc4c12308925d7b94f62fa9e6791ea9') in 0.001001 seconds 
========================================================================
Received Import Request.
  Time since last request: 46.707332 seconds.
  path: Assets/Course Library/Vehicles
  artifactKey: Guid(2908f202f052a4d2bb20f125b017534d) Importer(815301076,1909f56bfc062723c751e8b465ee728b)
Start importing Assets/Course Library/Vehicles using Guid(2908f202f052a4d2bb20f125b017534d) Importer(815301076,1909f56bfc062723c751e8b465ee728b)  -> (artifact id: '0fc4fcf68f6835e0f78638e81ab88999') in 0.000922 seconds 
========================================================================
Received Import Request.
  Time since last request: 0.049681 seconds.
  path: Assets/Course Library/Vehicles/Veh_Armor_Car_01.prefab
  artifactKey: Guid(aea2a6cdcc9d7944090d528486ebaee1) Importer(815301076,1909f56bfc062723c751e8b465ee728b)
Start importing Assets/Course Library/Vehicles/Veh_Armor_Car_01.prefab using Guid(aea2a6cdcc9d7944090d528486ebaee1) Importer(815301076,1909f56bfc062723c751e8b465ee728b)  -> (artifact id: 'b2a92f69fd4ff96d019ee75fea96f217') in 0.011204 seconds 
========================================================================
Received Import Request.
  Time since last request: 0.000098 seconds.
  path: Assets/Course Library/Vehicles/Veh_Car_Blue_Z.prefab
  artifactKey: Guid(09082afec7b5e824ca611a0cc3264bcd) Importer(815301076,1909f56bfc062723c751e8b465ee728b)
Start importing Assets/Course Library/Vehicles/Veh_Car_Blue_Z.prefab using Guid(09082afec7b5e824ca611a0cc3264bcd) Importer(815301076,1909f56bfc062723c751e8b465ee728b)  -> (artifact id: 'c0a8b821543b0aa6a663fb3a080213b7') in 0.012097 seconds 
========================================================================
Received Import Request.
  Time since last request: 0.000045 seconds.
  path: Assets/Course Library/Vehicles/Veh_Van_Green_Z.prefab
  artifactKey: Guid(68840c673a0b18e41a044ed077548d55) Importer(815301076,1909f56bfc062723c751e8b465ee728b)
Start importing Assets/Course Library/Vehicles/Veh_Van_Green_Z.prefab using Guid(68840c673a0b18e41a044ed077548d55) Importer(815301076,1909f56bfc062723c751e8b465ee728b)  -> (artifact id: 'c0d46bb36eb0ccbb4f75c5f6fa11c900') in 0.008173 seconds 
========================================================================
Received Import Request.
  Time since last request: 99.269516 seconds.
  path: Assets/Course Library/Obstacles
  artifactKey: Guid(88324ca9b0d2a46288da003b32662ac8) Importer(815301076,1909f56bfc062723c751e8b465ee728b)
Start importing Assets/Course Library/Obstacles using Guid(88324ca9b0d2a46288da003b32662ac8) Importer(815301076,1909f56bfc062723c751e8b465ee728b)  -> (artifact id: '5b42ec7f4d739269ec2d8ca21eced98c') in 0.000785 seconds 
========================================================================
Received Import Request.
  Time since last request: 0.030641 seconds.
  path: Assets/Course Library/Obstacles/Barrel_02.prefab
  artifactKey: Guid(cb04eea70ee14ab49b68d12e2cbbf680) Importer(815301076,1909f56bfc062723c751e8b465ee728b)
Start importing Assets/Course Library/Obstacles/Barrel_02.prefab using Guid(cb04eea70ee14ab49b68d12e2cbbf680) Importer(815301076,1909f56bfc062723c751e8b465ee728b)  -> (artifact id: '36a434095de1fb6c0ef21d168c70f69e') in 0.015795 seconds 
========================================================================
Received Import Request.
  Time since last request: 0.000048 seconds.
  path: Assets/Course Library/Obstacles/Prop_Spool_02.prefab
  artifactKey: Guid(3daef342e8f3f9548b04424eac7d4d0d) Importer(815301076,1909f56bfc062723c751e8b465ee728b)
Start importing Assets/Course Library/Obstacles/Prop_Spool_02.prefab using Guid(3daef342e8f3f9548b04424eac7d4d0d) Importer(815301076,1909f56bfc062723c751e8b465ee728b)  -> (artifact id: '6ed7ae0662bcb54ba43e4e55cbfb9055') in 0.009405 seconds 
========================================================================
Received Import Request.
  Time since last request: 0.000043 seconds.
  path: Assets/Course Library/Obstacles/Prop_Barrier02.prefab
  artifactKey: Guid(367149bd17c4d4d4e8868ec6a5cf8d45) Importer(815301076,1909f56bfc062723c751e8b465ee728b)
Start importing Assets/Course Library/Obstacles/Prop_Barrier02.prefab using Guid(367149bd17c4d4d4e8868ec6a5cf8d45) Importer(815301076,1909f56bfc062723c751e8b465ee728b)  -> (artifact id: '1e87ebc694ebf245fb0da8271a10d8de') in 0.038970 seconds 
========================================================================
Received Prepare
Registering precompiled user dll's ...
Registered in 0.003075 seconds.
Begin MonoManager ReloadAssembly
Thread 0x17ffc7000 may have been prematurely finalized
Symbol file LoadedFromMemory doesn't match image /Users/khizrshah/Documents/Unity Projects/Create With Code/Prototype 1/Library/PackageCache/com.unity.visualscripting@1.7.8/Editor/VisualScripting.Core/Dependencies/YamlDotNet/Unity.VisualScripting.YamlDotNet.dll
Symbol file LoadedFromMemory doesn't match image /Users/khizrshah/Documents/Unity Projects/Create With Code/Prototype 1/Library/PackageCache/com.unity.visualscripting@1.7.8/Editor/VisualScripting.Core/Dependencies/DotNetZip/Unity.VisualScripting.IonicZip.dll
Native extension for Android target not found
Native extension for OSXStandalone target not found
Refreshing native plugins compatible for Editor in 0.66 ms, found 2 plugins.
Preloading 0 native plugins for Editor in 0.00 ms.
Mono: successfully reloaded assembly
- Completed reload, in  1.099 seconds
Domain Reload Profiling:
	ReloadAssembly (1099ms)
		BeginReloadAssembly (133ms)
			ExecutionOrderSort (0ms)
			DisableScriptedObjects (7ms)
			BackupInstance (0ms)
			ReleaseScriptingObjects (0ms)
			CreateAndSetChildDomain (61ms)
		EndReloadAssembly (879ms)
			LoadAssemblies (55ms)
			RebuildTransferFunctionScriptingTraits (0ms)
			SetupTypeCache (312ms)
			ReleaseScriptCaches (1ms)
			RebuildScriptCaches (46ms)
			SetupLoadedEditorAssemblies (380ms)
				LogAssemblyErrors (0ms)
				InitializePlatformSupportModulesInManaged (14ms)
				SetLoadedEditorAssemblies (0ms)
				RefreshPlugins (1ms)
				BeforeProcessingInitializeOnLoad (77ms)
				ProcessInitializeOnLoadAttributes (216ms)
				ProcessInitializeOnLoadMethodAttributes (70ms)
				AfterProcessingInitializeOnLoad (1ms)
				EditorAssembliesLoaded (0ms)
			ExecutionOrderSort2 (0ms)
			AwakeInstancesAfterBackupRestoration (9ms)
Platform modules already initialized, skipping
Refreshing native plugins compatible for Editor in 3.94 ms, found 2 plugins.
Preloading 0 native plugins for Editor in 0.00 ms.
Unloading 5177 Unused Serialized files (Serialized files now loaded: 0)
Unloading 65 unused Assets / (2.8 MB). Loaded Objects now: 5763.
Memory consumption went from 220.3 MB to 217.5 MB.
Total: 11.840083 ms (FindLiveObjects: 0.689209 ms CreateObjectMapping: 0.345417 ms MarkObjects: 8.194167 ms  DeleteObjects: 2.609875 ms)

AssetImportParameters requested are different than current active one (requested -> active):
  custom:video-decoder-ogg-theora: a1e56fd34408186e4bbccfd4996cb3dc -> 
  custom:container-muxer-webm: aa71ff27fc2769a1b78a27578f13a17b -> 
  custom:container-demuxer-webm: 4f35f7cbe854078d1ac9338744f61a02 -> 
  custom:video-encoder-webm-vp8: eb34c28f22e8b96e1ab97ce403110664 -> 
  custom:framework-osx-AVFoundation: e770b220cccbd017edd2c1fefb359320 -> 
  custom:audio-encoder-webm-vorbis: bf7c407c2cedff20999df2af8eb42d56 -> 
  custom:container-demuxer-ogg: 62fdf1f143b41e24485cea50d1cbac27 -> 
  custom:video-decoder-webm-vp8: 9c59270c3fd7afecdb556c50c9e8de78 -> 
  custom:audio-decoder-ogg-vorbis: bf7c407c2cedff20999df2af8eb42d56 -> 
========================================================================
Received Prepare
Registering precompiled user dll's ...
Registered in 0.003495 seconds.
Begin MonoManager ReloadAssembly
Thread 0x16b9c3000 may have been prematurely finalized
Symbol file LoadedFromMemory doesn't match image /Users/khizrshah/Documents/Unity Projects/Create With Code/Prototype 1/Library/PackageCache/com.unity.visualscripting@1.7.8/Editor/VisualScripting.Core/Dependencies/YamlDotNet/Unity.VisualScripting.YamlDotNet.dll
Symbol file LoadedFromMemory doesn't match image /Users/khizrshah/Documents/Unity Projects/Create With Code/Prototype 1/Library/PackageCache/com.unity.visualscripting@1.7.8/Editor/VisualScripting.Core/Dependencies/DotNetZip/Unity.VisualScripting.IonicZip.dll
Native extension for Android target not found
Native extension for OSXStandalone target not found
Refreshing native plugins compatible for Editor in 0.74 ms, found 2 plugins.
Preloading 0 native plugins for Editor in 0.00 ms.
Mono: successfully reloaded assembly
- Completed reload, in  1.335 seconds
Domain Reload Profiling:
	ReloadAssembly (1336ms)
		BeginReloadAssembly (117ms)
			ExecutionOrderSort (0ms)
			DisableScriptedObjects (6ms)
			BackupInstance (0ms)
			ReleaseScriptingObjects (0ms)
			CreateAndSetChildDomain (50ms)
		EndReloadAssembly (1135ms)
			LoadAssemblies (50ms)
			RebuildTransferFunctionScriptingTraits (0ms)
			SetupTypeCache (309ms)
			ReleaseScriptCaches (3ms)
			RebuildScriptCaches (51ms)
			SetupLoadedEditorAssemblies (624ms)
				LogAssemblyErrors (0ms)
				InitializePlatformSupportModulesInManaged (15ms)
				SetLoadedEditorAssemblies (1ms)
				RefreshPlugins (1ms)
				BeforeProcessingInitializeOnLoad (101ms)
				ProcessInitializeOnLoadAttributes (385ms)
				ProcessInitializeOnLoadMethodAttributes (119ms)
				AfterProcessingInitializeOnLoad (2ms)
				EditorAssembliesLoaded (0ms)
			ExecutionOrderSort2 (0ms)
			AwakeInstancesAfterBackupRestoration (15ms)
Platform modules already initialized, skipping
Refreshing native plugins compatible for Editor in 3.70 ms, found 2 plugins.
Preloading 0 native plugins for Editor in 0.00 ms.
Unloading 5172 Unused Serialized files (Serialized files now loaded: 0)
Unloading 65 unused Assets / (2.8 MB). Loaded Objects now: 5766.
Memory consumption went from 219.8 MB to 217.0 MB.
Total: 11.918917 ms (FindLiveObjects: 0.623416 ms CreateObjectMapping: 0.327458 ms MarkObjects: 7.340000 ms  DeleteObjects: 3.626792 ms)

AssetImportParameters requested are different than current active one (requested -> active):
  custom:video-decoder-ogg-theora: a1e56fd34408186e4bbccfd4996cb3dc -> 
  custom:container-muxer-webm: aa71ff27fc2769a1b78a27578f13a17b -> 
  custom:container-demuxer-webm: 4f35f7cbe854078d1ac9338744f61a02 -> 
  custom:video-encoder-webm-vp8: eb34c28f22e8b96e1ab97ce403110664 -> 
  custom:framework-osx-AVFoundation: e770b220cccbd017edd2c1fefb359320 -> 
  custom:audio-encoder-webm-vorbis: bf7c407c2cedff20999df2af8eb42d56 -> 
  custom:container-demuxer-ogg: 62fdf1f143b41e24485cea50d1cbac27 -> 
  custom:video-decoder-webm-vp8: 9c59270c3fd7afecdb556c50c9e8de78 -> 
  custom:audio-decoder-ogg-vorbis: bf7c407c2cedff20999df2af8eb42d56 -> 
